2018-04-23 02:00:46.223 [main] DEBUG com.chaucer.o2o.dao.ProductDao.queryProductById - ==>  Preparing: SELECT p.product_id, p.product_name, p.product_description, p.img_addr, p.normal_price, p.promotion_price, p.priority, p.create_time, p.last_edit_time, p.enable_status, p.product_category_id, p.shop_id, pm.product_img_id, pm.img_addr AS detail_img, pm.img_description, pm.priority, pm.create_time FROM tb_product p LEFT JOIN tb_product_img pm ON p.product_id = pm.product_id WHERE p.product_id = ? ORDER BY pm.priority DESC 
2018-04-23 02:00:46.247 [main] DEBUG com.chaucer.o2o.dao.ProductDao.queryProductById - ==> Parameters: 52(Long)
2018-04-23 02:00:46.257 [main] DEBUG com.chaucer.o2o.dao.ProductDao.queryProductById - <==      Total: 0
2018-04-23 02:02:06.693 [main] DEBUG com.chaucer.o2o.dao.ProductDao.queryProductById - ==>  Preparing: SELECT p.product_id, p.product_name, p.product_description, p.img_addr, p.normal_price, p.promotion_price, p.priority, p.create_time, p.last_edit_time, p.enable_status, p.product_category_id, p.shop_id, pm.product_img_id, pm.img_addr AS detail_img, pm.img_description, pm.priority, pm.create_time FROM tb_product p LEFT JOIN tb_product_img pm ON p.product_id = pm.product_id WHERE p.product_id = ? ORDER BY pm.priority DESC 
2018-04-23 02:02:06.708 [main] DEBUG com.chaucer.o2o.dao.ProductDao.queryProductById - ==> Parameters: 25(Long)
2018-04-23 02:02:06.719 [main] DEBUG com.chaucer.o2o.dao.ProductDao.queryProductById - <==      Total: 1
2018-04-23 02:02:06.724 [main] DEBUG com.chaucer.o2o.util.ImageUtil - current img path is\upload\images\item\shop\1\2018042302020667183.jpg
2018-04-23 02:02:06.724 [main] DEBUG com.chaucer.o2o.util.ImageUtil - current complete img path isE:\project\image\upload\images\item\shop\1\2018042302020667183.jpg
2018-04-23 02:02:06.853 [main] DEBUG c.c.o.d.ProductImgDao.deleteProductImgByProductId - ==>  Preparing: DELETE FROM tb_product_img WHERE product_id = ? 
2018-04-23 02:02:06.854 [main] DEBUG c.c.o.d.ProductImgDao.deleteProductImgByProductId - ==> Parameters: 25(Long)
2018-04-23 02:02:06.854 [main] DEBUG c.c.o.d.ProductImgDao.deleteProductImgByProductId - <==    Updates: 0
2018-04-23 02:02:06.854 [main] DEBUG com.chaucer.o2o.util.ImageUtil - current relativeAddr is :\upload\images\item\shop\1\2018042302020699885.jpg
2018-04-23 02:02:06.854 [main] DEBUG com.chaucer.o2o.util.ImageUtil - current complete addr is :E:\project\image\upload\images\item\shop\1\2018042302020699885.jpg
2018-04-23 02:02:06.958 [main] DEBUG com.chaucer.o2o.util.ImageUtil - current relativeAddr is :\upload\images\item\shop\1\2018042302020642890.jpg
2018-04-23 02:02:06.958 [main] DEBUG com.chaucer.o2o.util.ImageUtil - current complete addr is :E:\project\image\upload\images\item\shop\1\2018042302020642890.jpg
2018-04-23 02:02:07.076 [main] DEBUG c.c.o2o.dao.ProductImgDao.batchInsertProductImg - ==>  Preparing: INSERT INTO tb_product_img(img_addr,img_description,priority, create_time,product_id) VALUES ( ?, ?, ?, ?, ? ) , ( ?, ?, ?, ?, ? ) 
2018-04-23 02:02:07.077 [main] DEBUG c.c.o2o.dao.ProductImgDao.batchInsertProductImg - ==> Parameters: \upload\images\item\shop\1\2018042302020699885.jpg(String), null, null, 2018-04-23 02:02:06.958(Timestamp), 25(Long), \upload\images\item\shop\1\2018042302020642890.jpg(String), null, null, 2018-04-23 02:02:07.058(Timestamp), 25(Long)
2018-04-23 02:02:07.077 [main] DEBUG c.c.o2o.dao.ProductImgDao.batchInsertProductImg - <==    Updates: 2
2018-04-23 02:02:07.087 [main] DEBUG com.chaucer.o2o.dao.ProductDao.updateProduct - ==>  Preparing: UPDATE tb_product SET product_name=?, product_description=?, img_addr=?, last_edit_time=?, product_category_id=? WHERE product_id = ? AND shop_id=? 
2018-04-23 02:02:07.087 [main] DEBUG com.chaucer.o2o.dao.ProductDao.updateProduct - ==> Parameters: 正式的商品(String), 正式的商品(String), \upload\images\item\shop\1\2018042302020667183.jpg(String), 2018-04-23 02:02:06.678(Timestamp), 1(Long), 25(Long), 1(Long)
2018-04-23 02:02:07.088 [main] DEBUG com.chaucer.o2o.dao.ProductDao.updateProduct - <==    Updates: 1
